BEGIN,2014-09-24 19:21:36:887 GMT+05:30
Antennas,  Build=0105, API=2

Record, Time="2014-09-24 19:21:38:903 GMT+05:30", Phone Type=GSM, Network Type=EDGE, Country=in, Operator=40492
ACTIVE GSM, LAC=1377, CID=36393, Signal= >-52dBm
GSM, LAC=1377, CID=36392, PSC=-1, TYP=1, Signal= -103dBm
Network Location, Provider=N, Lat=19.1345, Lon=72.905074
Best Location, Provider=N, Lat=19.1345, Lon=72.905074

Record, Time="2014-09-24 19:21:42:61 GMT+05:30", Phone Type=GSM, Network Type=EDGE, Country=in, Operator=40492
ACTIVE GSM, LAC=1377, CID=36393, Signal= >-52dBm
GSM, LAC=1377, CID=36392, PSC=-1, TYP=1, Signal= -63dBm
Network Location, Provider=N, Lat=19.1345, Lon=72.905074
Best Location, Provider=N, Lat=19.1345, Lon=72.905074

Record, Time="2014-09-24 19:21:45:224 GMT+05:30", Phone Type=GSM, Network Type=EDGE, Country=in, Operator=40492
ACTIVE GSM, LAC=1377, CID=36393, Signal= >-52dBm
GSM, LAC=1377, CID=36392, PSC=-1, TYP=1, Signal= -63dBm
Network Location, Provider=N, Lat=19.1345, Lon=72.905074
Best Location, Provider=N, Lat=19.1345, Lon=72.905074

Record, Time="2014-09-24 19:21:48:387 GMT+05:30", Phone Type=GSM, Network Type=EDGE, Country=in, Operator=40492
ACTIVE GSM, LAC=1377, CID=36392, Signal= >-52dBm
Network Location, Provider=N, Lat=19.1345, Lon=72.905074
Best Location, Provider=N, Lat=19.1345, Lon=72.905074

Record, Time="2014-09-24 19:21:51:544 GMT+05:30", Phone Type=GSM, Network Type=EDGE, Country=in, Operator=40492
ACTIVE GSM, LAC=1377, CID=36392, Signal= >-102dBm
Network Location, Provider=N, Lat=19.1345, Lon=72.905074
Best Location, Provider=N, Lat=19.1345, Lon=72.905074

Record, Time="2014-09-24 19:21:54:704 GMT+05:30", Phone Type=GSM, Network Type=EDGE, Country=in, Operator=40492
ACTIVE GSM, LAC=1377, CID=36392, Signal= >-52dBm
Network Location, Provider=N, Lat=19.1345, Lon=72.905074
Best Location, Provider=N, Lat=19.1345, Lon=72.905074

END,2014-09-24 19:30:33:29 GMT+05:30
